#! /usr/bin/vvp
:ivl_version "12.0 (stable)";
:ivl_delay_selection "TYPICAL";
:vpi_time_precision - 12;
:vpi_module "/usr/lib/x86_64-linux-gnu/ivl/system.vpi";
:vpi_module "/usr/lib/x86_64-linux-gnu/ivl/vhdl_sys.vpi";
:vpi_module "/usr/lib/x86_64-linux-gnu/ivl/vhdl_textio.vpi";
:vpi_module "/usr/lib/x86_64-linux-gnu/ivl/v2005_math.vpi";
:vpi_module "/usr/lib/x86_64-linux-gnu/ivl/va_math.vpi";
S_0x632ffe763c20 .scope module, "tb_cpu_sram" "tb_cpu_sram" 2 3;
 .timescale -9 -12;
v0x632ffe7961b0_0 .var "clk", 0 0;
v0x632ffe796250_0 .var "rst", 0 0;
S_0x632ffe76d680 .scope module, "uut" "cpu_sram_top" 2 8, 3 1 0, S_0x632ffe763c20;
 .timescale -9 -12;
    .port_info 0 /INPUT 1 "clk";
    .port_info 1 /INPUT 1 "rst";
L_0x632ffe762ba0 .functor NOT 1, v0x632ffe792c90_0, C4<0>, C4<0>, C4<0>;
v0x632ffe795c80_0 .net "addr", 31 0, v0x632ffe760f60_0;  1 drivers
v0x632ffe795d60_0 .net "clk", 0 0, v0x632ffe7961b0_0;  1 drivers
v0x632ffe795e00_0 .net "rdata", 31 0, L_0x632ffe796650;  1 drivers
v0x632ffe795ed0_0 .net "rst", 0 0, v0x632ffe796250_0;  1 drivers
v0x632ffe795f70_0 .net "wdata", 31 0, v0x632ffe7606e0_0;  1 drivers
v0x632ffe7960b0_0 .net "we", 0 0, v0x632ffe792c90_0;  1 drivers
L_0x632ffe7967e0 .part v0x632ffe760f60_0, 2, 2;
S_0x632ffe76d810 .scope module, "u_cpu" "fake_cpu" 3 12, 4 1 0, S_0x632ffe76d680;
 .timescale -9 -12;
    .port_info 0 /INPUT 1 "clk";
    .port_info 1 /INPUT 1 "rst";
    .port_info 2 /OUTPUT 32 "mem_addr";
    .port_info 3 /OUTPUT 32 "mem_wdata";
    .port_info 4 /INPUT 32 "mem_rdata";
    .port_info 5 /OUTPUT 1 "mem_we";
v0x632ffe761e10_0 .net "clk", 0 0, v0x632ffe7961b0_0;  alias, 1 drivers
v0x632ffe760f60_0 .var "mem_addr", 31 0;
v0x632ffe7616d0_0 .net "mem_rdata", 31 0, L_0x632ffe796650;  alias, 1 drivers
v0x632ffe7606e0_0 .var "mem_wdata", 31 0;
v0x632ffe792c90_0 .var "mem_we", 0 0;
v0x632ffe792da0_0 .net "rst", 0 0, v0x632ffe796250_0;  alias, 1 drivers
v0x632ffe792e60_0 .var "state", 3 0;
E_0x632ffe76c4c0 .event posedge, v0x632ffe792da0_0, v0x632ffe761e10_0;
S_0x632ffe793000 .scope module, "u_mem" "sram_32bit_wrapper" 3 22, 5 1 0, S_0x632ffe76d680;
 .timescale -9 -12;
    .port_info 0 /INPUT 1 "clk";
    .port_info 1 /INPUT 1 "rst";
    .port_info 2 /INPUT 1 "we";
    .port_info 3 /INPUT 1 "re";
    .port_info 4 /INPUT 2 "addr";
    .port_info 5 /INPUT 32 "din";
    .port_info 6 /OUTPUT 32 "dout";
v0x632ffe795740_0 .net "addr", 1 0, L_0x632ffe7967e0;  1 drivers
v0x632ffe795820_0 .net "clk", 0 0, v0x632ffe7961b0_0;  alias, 1 drivers
v0x632ffe7958e0_0 .net "din", 31 0, v0x632ffe7606e0_0;  alias, 1 drivers
v0x632ffe795980_0 .net "dout", 31 0, L_0x632ffe796650;  alias, 1 drivers
v0x632ffe795a20_0 .net "re", 0 0, L_0x632ffe762ba0;  1 drivers
v0x632ffe795ac0_0 .net "rst", 0 0, v0x632ffe796250_0;  alias, 1 drivers
v0x632ffe795b60_0 .net "we", 0 0, v0x632ffe792c90_0;  alias, 1 drivers
L_0x632ffe796310 .part v0x632ffe7606e0_0, 0, 8;
L_0x632ffe7963b0 .part v0x632ffe7606e0_0, 8, 8;
L_0x632ffe7964e0 .part v0x632ffe7606e0_0, 16, 8;
L_0x632ffe796580 .part v0x632ffe7606e0_0, 24, 8;
L_0x632ffe796650 .concat8 [ 8 8 8 8], v0x632ffe7937d0_0, v0x632ffe7940d0_0, v0x632ffe794a20_0, v0x632ffe795360_0;
S_0x632ffe7932b0 .scope module, "s0" "sram_model" 5 13, 6 1 0, S_0x632ffe793000;
 .timescale -9 -12;
    .port_info 0 /INPUT 1 "clk";
    .port_info 1 /INPUT 1 "we";
    .port_info 2 /INPUT 1 "re";
    .port_info 3 /INPUT 2 "addr";
    .port_info 4 /INPUT 8 "din";
    .port_info 5 /OUTPUT 8 "dout";
v0x632ffe793570_0 .net "addr", 1 0, L_0x632ffe7967e0;  alias, 1 drivers
v0x632ffe793670_0 .net "clk", 0 0, v0x632ffe7961b0_0;  alias, 1 drivers
v0x632ffe793730_0 .net "din", 7 0, L_0x632ffe796310;  1 drivers
v0x632ffe7937d0_0 .var "dout", 7 0;
v0x632ffe793890 .array "mem", 3 0, 7 0;
v0x632ffe7939a0_0 .net "re", 0 0, L_0x632ffe762ba0;  alias, 1 drivers
v0x632ffe793a60_0 .net "we", 0 0, v0x632ffe792c90_0;  alias, 1 drivers
E_0x632ffe764290 .event posedge, v0x632ffe761e10_0;
S_0x632ffe793be0 .scope module, "s1" "sram_model" 5 20, 6 1 0, S_0x632ffe793000;
 .timescale -9 -12;
    .port_info 0 /INPUT 1 "clk";
    .port_info 1 /INPUT 1 "we";
    .port_info 2 /INPUT 1 "re";
    .port_info 3 /INPUT 2 "addr";
    .port_info 4 /INPUT 8 "din";
    .port_info 5 /OUTPUT 8 "dout";
v0x632ffe793e80_0 .net "addr", 1 0, L_0x632ffe7967e0;  alias, 1 drivers
v0x632ffe793f40_0 .net "clk", 0 0, v0x632ffe7961b0_0;  alias, 1 drivers
v0x632ffe794030_0 .net "din", 7 0, L_0x632ffe7963b0;  1 drivers
v0x632ffe7940d0_0 .var "dout", 7 0;
v0x632ffe7941b0 .array "mem", 3 0, 7 0;
v0x632ffe7942c0_0 .net "re", 0 0, L_0x632ffe762ba0;  alias, 1 drivers
v0x632ffe794360_0 .net "we", 0 0, v0x632ffe792c90_0;  alias, 1 drivers
S_0x632ffe794530 .scope module, "s2" "sram_model" 5 27, 6 1 0, S_0x632ffe793000;
 .timescale -9 -12;
    .port_info 0 /INPUT 1 "clk";
    .port_info 1 /INPUT 1 "we";
    .port_info 2 /INPUT 1 "re";
    .port_info 3 /INPUT 2 "addr";
    .port_info 4 /INPUT 8 "din";
    .port_info 5 /OUTPUT 8 "dout";
v0x632ffe7947b0_0 .net "addr", 1 0, L_0x632ffe7967e0;  alias, 1 drivers
v0x632ffe7948c0_0 .net "clk", 0 0, v0x632ffe7961b0_0;  alias, 1 drivers
v0x632ffe794980_0 .net "din", 7 0, L_0x632ffe7964e0;  1 drivers
v0x632ffe794a20_0 .var "dout", 7 0;
v0x632ffe794b00 .array "mem", 3 0, 7 0;
v0x632ffe794c10_0 .net "re", 0 0, L_0x632ffe762ba0;  alias, 1 drivers
v0x632ffe794d00_0 .net "we", 0 0, v0x632ffe792c90_0;  alias, 1 drivers
S_0x632ffe794ea0 .scope module, "s3" "sram_model" 5 34, 6 1 0, S_0x632ffe793000;
 .timescale -9 -12;
    .port_info 0 /INPUT 1 "clk";
    .port_info 1 /INPUT 1 "we";
    .port_info 2 /INPUT 1 "re";
    .port_info 3 /INPUT 2 "addr";
    .port_info 4 /INPUT 8 "din";
    .port_info 5 /OUTPUT 8 "dout";
v0x632ffe795120_0 .net "addr", 1 0, L_0x632ffe7967e0;  alias, 1 drivers
v0x632ffe795200_0 .net "clk", 0 0, v0x632ffe7961b0_0;  alias, 1 drivers
v0x632ffe7952c0_0 .net "din", 7 0, L_0x632ffe796580;  1 drivers
v0x632ffe795360_0 .var "dout", 7 0;
v0x632ffe795440 .array "mem", 3 0, 7 0;
v0x632ffe795500_0 .net "re", 0 0, L_0x632ffe762ba0;  alias, 1 drivers
v0x632ffe7955a0_0 .net "we", 0 0, v0x632ffe792c90_0;  alias, 1 drivers
    .scope S_0x632ffe76d810;
T_0 ;
    %wait E_0x632ffe76c4c0;
    %load/vec4 v0x632ffe792da0_0;
    %flag_set/vec4 8;
    %jmp/0xz  T_0.0, 8;
    %pushi/vec4 0, 0, 4;
    %assign/vec4 v0x632ffe792e60_0, 0;
    %pushi/vec4 0, 0, 32;
    %assign/vec4 v0x632ffe760f60_0, 0;
    %pushi/vec4 0, 0, 32;
    %assign/vec4 v0x632ffe7606e0_0, 0;
    %pushi/vec4 0, 0, 1;
    %assign/vec4 v0x632ffe792c90_0, 0;
    %jmp T_0.1;
T_0.0 ;
    %load/vec4 v0x632ffe792e60_0;
    %dup/vec4;
    %pushi/vec4 0, 0, 4;
    %cmp/u;
    %jmp/1 T_0.2, 6;
    %dup/vec4;
    %pushi/vec4 1, 0, 4;
    %cmp/u;
    %jmp/1 T_0.3, 6;
    %dup/vec4;
    %pushi/vec4 2, 0, 4;
    %cmp/u;
    %jmp/1 T_0.4, 6;
    %dup/vec4;
    %pushi/vec4 3, 0, 4;
    %cmp/u;
    %jmp/1 T_0.5, 6;
    %dup/vec4;
    %pushi/vec4 4, 0, 4;
    %cmp/u;
    %jmp/1 T_0.6, 6;
    %jmp T_0.7;
T_0.2 ;
    %pushi/vec4 4, 0, 32;
    %assign/vec4 v0x632ffe760f60_0, 0;
    %pushi/vec4 3735928559, 0, 32;
    %assign/vec4 v0x632ffe7606e0_0, 0;
    %pushi/vec4 1, 0, 1;
    %assign/vec4 v0x632ffe792c90_0, 0;
    %pushi/vec4 1, 0, 4;
    %assign/vec4 v0x632ffe792e60_0, 0;
    %jmp T_0.7;
T_0.3 ;
    %pushi/vec4 0, 0, 1;
    %assign/vec4 v0x632ffe792c90_0, 0;
    %pushi/vec4 2, 0, 4;
    %assign/vec4 v0x632ffe792e60_0, 0;
    %jmp T_0.7;
T_0.4 ;
    %pushi/vec4 4, 0, 32;
    %assign/vec4 v0x632ffe760f60_0, 0;
    %pushi/vec4 0, 0, 1;
    %assign/vec4 v0x632ffe792c90_0, 0;
    %pushi/vec4 3, 0, 4;
    %assign/vec4 v0x632ffe792e60_0, 0;
    %jmp T_0.7;
T_0.5 ;
    %pushi/vec4 4, 0, 4;
    %assign/vec4 v0x632ffe792e60_0, 0;
    %jmp T_0.7;
T_0.6 ;
    %pushi/vec4 4, 0, 4;
    %assign/vec4 v0x632ffe792e60_0, 0;
    %jmp T_0.7;
T_0.7 ;
    %pop/vec4 1;
T_0.1 ;
    %jmp T_0;
    .thread T_0;
    .scope S_0x632ffe7932b0;
T_1 ;
    %wait E_0x632ffe764290;
    %load/vec4 v0x632ffe793a60_0;
    %flag_set/vec4 8;
    %jmp/0xz  T_1.0, 8;
    %load/vec4 v0x632ffe793730_0;
    %load/vec4 v0x632ffe793570_0;
    %pad/u 4;
    %ix/vec4 3;
    %ix/load 4, 0, 0; Constant delay
    %assign/vec4/a/d v0x632ffe793890, 0, 4;
T_1.0 ;
    %load/vec4 v0x632ffe7939a0_0;
    %flag_set/vec4 8;
    %jmp/0xz  T_1.2, 8;
    %load/vec4 v0x632ffe793570_0;
    %pad/u 4;
    %ix/vec4 4;
    %load/vec4a v0x632ffe793890, 4;
    %assign/vec4 v0x632ffe7937d0_0, 0;
T_1.2 ;
    %jmp T_1;
    .thread T_1;
    .scope S_0x632ffe793be0;
T_2 ;
    %wait E_0x632ffe764290;
    %load/vec4 v0x632ffe794360_0;
    %flag_set/vec4 8;
    %jmp/0xz  T_2.0, 8;
    %load/vec4 v0x632ffe794030_0;
    %load/vec4 v0x632ffe793e80_0;
    %pad/u 4;
    %ix/vec4 3;
    %ix/load 4, 0, 0; Constant delay
    %assign/vec4/a/d v0x632ffe7941b0, 0, 4;
T_2.0 ;
    %load/vec4 v0x632ffe7942c0_0;
    %flag_set/vec4 8;
    %jmp/0xz  T_2.2, 8;
    %load/vec4 v0x632ffe793e80_0;
    %pad/u 4;
    %ix/vec4 4;
    %load/vec4a v0x632ffe7941b0, 4;
    %assign/vec4 v0x632ffe7940d0_0, 0;
T_2.2 ;
    %jmp T_2;
    .thread T_2;
    .scope S_0x632ffe794530;
T_3 ;
    %wait E_0x632ffe764290;
    %load/vec4 v0x632ffe794d00_0;
    %flag_set/vec4 8;
    %jmp/0xz  T_3.0, 8;
    %load/vec4 v0x632ffe794980_0;
    %load/vec4 v0x632ffe7947b0_0;
    %pad/u 4;
    %ix/vec4 3;
    %ix/load 4, 0, 0; Constant delay
    %assign/vec4/a/d v0x632ffe794b00, 0, 4;
T_3.0 ;
    %load/vec4 v0x632ffe794c10_0;
    %flag_set/vec4 8;
    %jmp/0xz  T_3.2, 8;
    %load/vec4 v0x632ffe7947b0_0;
    %pad/u 4;
    %ix/vec4 4;
    %load/vec4a v0x632ffe794b00, 4;
    %assign/vec4 v0x632ffe794a20_0, 0;
T_3.2 ;
    %jmp T_3;
    .thread T_3;
    .scope S_0x632ffe794ea0;
T_4 ;
    %wait E_0x632ffe764290;
    %load/vec4 v0x632ffe7955a0_0;
    %flag_set/vec4 8;
    %jmp/0xz  T_4.0, 8;
    %load/vec4 v0x632ffe7952c0_0;
    %load/vec4 v0x632ffe795120_0;
    %pad/u 4;
    %ix/vec4 3;
    %ix/load 4, 0, 0; Constant delay
    %assign/vec4/a/d v0x632ffe795440, 0, 4;
T_4.0 ;
    %load/vec4 v0x632ffe795500_0;
    %flag_set/vec4 8;
    %jmp/0xz  T_4.2, 8;
    %load/vec4 v0x632ffe795120_0;
    %pad/u 4;
    %ix/vec4 4;
    %load/vec4a v0x632ffe795440, 4;
    %assign/vec4 v0x632ffe795360_0, 0;
T_4.2 ;
    %jmp T_4;
    .thread T_4;
    .scope S_0x632ffe763c20;
T_5 ;
    %delay 5000, 0;
    %load/vec4 v0x632ffe7961b0_0;
    %inv;
    %store/vec4 v0x632ffe7961b0_0, 0, 1;
    %jmp T_5;
    .thread T_5;
    .scope S_0x632ffe763c20;
T_6 ;
    %vpi_call 2 16 "$dumpfile", "wave_cpu.vcd" {0 0 0};
    %vpi_call 2 17 "$dumpvars", 32'sb00000000000000000000000000000000, S_0x632ffe763c20 {0 0 0};
    %pushi/vec4 0, 0, 1;
    %store/vec4 v0x632ffe7961b0_0, 0, 1;
    %pushi/vec4 1, 0, 1;
    %store/vec4 v0x632ffe796250_0, 0, 1;
    %delay 10000, 0;
    %pushi/vec4 0, 0, 1;
    %store/vec4 v0x632ffe796250_0, 0, 1;
    %delay 200000, 0;
    %vpi_call 2 24 "$finish" {0 0 0};
    %end;
    .thread T_6;
# The file index is used to find the file name in the following table.
:file_names 7;
    "N/A";
    "<interactive>";
    "tb_cpu_sram.v";
    "cpu_sram_top.v";
    "fake_cpu.v";
    "sram_32bit_wrapper.v";
    "sram_model.v";
